2014-10-11 02:11:25,750 INFO  [Log] Firefox driver initalized 
2014-10-11 02:11:50,441 INFO  [Log] HTML Summary Report Created 
2014-10-11 02:40:03,890 INFO  [Log] Firefox driver initalized 
2014-10-11 02:40:36,041 INFO  [Log] HTML Summary Report Created 
2014-10-11 02:43:02,446 INFO  [Log] Firefox driver initalized 
2014-10-11 02:43:14,288 INFO  [Log] HTML Summary Report Created 
2014-10-11 10:18:27,897 INFO  [Log] Firefox driver initalized 
2014-10-11 10:18:30,402 INFO  [Log] HTML Summary Report Created 
2014-10-11 10:22:12,126 INFO  [Log] Firefox driver initalized 
2014-10-11 10:22:15,015 INFO  [Log] HTML Summary Report Created 
2014-10-11 10:23:38,782 INFO  [Log] Firefox driver initalized 
2014-10-11 10:30:08,333 INFO  [Log] Firefox driver initalized 
2014-10-11 10:30:11,334 INFO  [Log] HTML Summary Report Created 
2014-10-11 10:34:07,811 INFO  [Log] Firefox driver initalized 
2014-10-11 10:34:10,197 INFO  [Log] HTML Summary Report Created 
2014-10-11 10:35:51,588 INFO  [Log] Firefox driver initalized 
2014-10-11 10:37:43,999 INFO  [Log] HTML Summary Report Created 
2014-10-11 10:38:11,954 INFO  [Log] Firefox driver initalized 
2014-10-11 10:38:14,368 INFO  [Log] HTML Summary Report Created 
2014-10-11 10:45:34,017 INFO  [Log] Firefox driver initalized 
2014-10-11 10:45:36,125 INFO  [Log] HTML Summary Report Created 
2014-10-11 10:47:25,886 INFO  [Log] Firefox driver initalized 
2014-10-11 10:47:28,877 INFO  [Log] HTML Summary Report Created 
2014-10-11 10:49:17,390 INFO  [Log] Firefox driver initalized 
2014-10-11 10:49:20,560 INFO  [Log] HTML Summary Report Created 
2014-10-11 11:05:08,231 INFO  [Log] Firefox driver initalized 
2014-10-11 11:05:11,801 INFO  [Log] HTML Summary Report Created 
2014-10-11 11:09:59,771 INFO  [Log] Firefox driver initalized 
2014-10-11 11:52:22,359 INFO  [Log] Firefox driver initalized 
2014-10-11 11:52:26,624 INFO  [Log] HTML Summary Report Created 
2014-10-11 11:54:23,150 INFO  [Log] Firefox driver initalized 
2014-10-11 11:54:26,794 INFO  [Log] HTML Summary Report Created 
2014-10-11 12:06:11,169 INFO  [Log] Firefox driver initalized 
2014-10-11 12:06:13,856 INFO  [Log] HTML Summary Report Created 
2014-10-11 12:08:51,173 INFO  [Log] Firefox driver initalized 
2014-10-11 12:08:54,877 INFO  [Log] HTML Summary Report Created 
2014-10-11 12:17:42,246 INFO  [Log] Firefox driver initalized 
2014-10-11 12:23:19,417 INFO  [Log] Firefox driver initalized 
2014-10-11 12:25:53,818 INFO  [Log] Firefox driver initalized 
2014-10-11 12:26:57,813 INFO  [Log] Firefox driver initalized 
2014-10-11 12:30:27,514 INFO  [Log] Firefox driver initalized 
2014-10-11 12:41:44,931 INFO  [Log] Firefox driver initalized 
2014-10-11 13:36:08,572 INFO  [Log] Firefox driver initalized 
2014-10-11 14:52:11,626 INFO  [Log] Firefox driver initalized 
2014-10-11 14:52:16,171 INFO  [Log] HTML Summary Report Created 
2014-10-11 14:53:25,717 INFO  [Log] Firefox driver initalized 
2014-10-11 14:54:28,738 INFO  [Log] Firefox driver initalized 
2014-10-11 14:54:30,815 INFO  [Log] HTML Summary Report Created 
2014-10-11 14:55:03,657 INFO  [Log] Firefox driver initalized 
2014-10-11 14:55:05,251 INFO  [Log] HTML Summary Report Created 
2014-10-11 14:55:24,827 INFO  [Log] Firefox driver initalized 
2014-10-11 14:56:20,555 INFO  [Log] Firefox driver initalized 
2014-10-11 14:56:24,726 INFO  [Log] HTML Summary Report Created 
2014-10-11 15:40:07,599 INFO  [Log] Firefox driver initalized 
2014-10-11 15:59:59,943 INFO  [Log] Firefox driver initalized 
2014-10-11 16:07:32,462 INFO  [Log] Firefox driver initalized 
2014-10-11 16:07:36,598 INFO  [Log] HTML Summary Report Created 
2014-10-11 16:09:07,270 INFO  [Log] Firefox driver initalized 
2014-10-11 16:09:11,772 INFO  [Log] HTML Summary Report Created 
2014-10-11 16:16:54,512 INFO  [Log] Firefox driver initalized 
2014-10-11 16:16:58,876 INFO  [Log] HTML Summary Report Created 
2014-10-11 16:23:19,915 INFO  [Log] Firefox driver initalized 
2014-10-11 16:23:23,242 INFO  [Log] HTML Summary Report Created 
2014-10-11 16:28:56,575 INFO  [Log] Firefox driver initalized 
2014-10-11 16:29:00,979 INFO  [Log] HTML Summary Report Created 
2014-10-11 16:31:54,671 INFO  [Log] Firefox driver initalized 
2014-10-11 16:31:59,057 INFO  [Log] HTML Summary Report Created 
2014-10-11 16:32:51,852 INFO  [Log] Firefox driver initalized 
2014-10-11 16:32:55,903 INFO  [Log] HTML Summary Report Created 
2014-10-11 16:52:58,789 INFO  [Log] Firefox driver initalized 
2014-10-11 16:53:02,279 INFO  [Log] HTML Summary Report Created 
2014-10-11 16:53:44,426 INFO  [Log] Firefox driver initalized 
2014-10-11 16:53:49,301 INFO  [Log] HTML Summary Report Created 
2014-10-12 02:10:48,067 INFO  [Log] Firefox driver initalized 
2014-10-12 02:10:52,842 INFO  [Log] HTML Summary Report Created 
2014-10-12 02:13:04,314 INFO  [Log] Firefox driver initalized 
2014-10-12 02:15:01,748 INFO  [Log] HTML Summary Report Created 
2014-10-12 02:16:14,391 INFO  [Log] Firefox driver initalized 
2014-10-12 02:16:20,204 INFO  [Log] HTML Summary Report Created 
2014-10-12 02:19:59,374 INFO  [Log] Firefox driver initalized 
2014-10-12 02:20:04,089 INFO  [Log] HTML Summary Report Created 
2014-10-12 02:26:11,785 INFO  [Log] Firefox driver initalized 
2014-10-12 02:26:15,949 INFO  [Log] HTML Summary Report Created 
2014-10-12 16:35:34,817 INFO  [Log] Firefox driver initalized 
2014-10-12 16:35:37,079 INFO  [Log] HTML Summary Report Created 
2014-10-12 16:36:52,376 INFO  [Log] Firefox driver initalized 
2014-10-12 16:36:58,607 INFO  [Log] HTML Summary Report Created 
2014-10-12 16:38:08,574 INFO  [Log] Firefox driver initalized 
2014-10-12 16:38:10,028 INFO  [Log] HTML Summary Report Created 
2014-10-12 16:40:35,756 INFO  [Log] Firefox driver initalized 
2014-10-12 16:40:37,172 INFO  [Log] HTML Summary Report Created 
2014-10-12 16:41:20,711 INFO  [Log] Firefox driver initalized 
2014-10-12 16:41:22,569 INFO  [Log] HTML Summary Report Created 
2014-10-12 16:42:21,394 INFO  [Log] Firefox driver initalized 
2014-10-12 16:42:22,561 INFO  [Log] HTML Summary Report Created 
2014-10-12 16:44:39,496 INFO  [Log] Firefox driver initalized 
2014-10-12 16:44:41,177 INFO  [Log] HTML Summary Report Created 
2014-10-12 16:46:23,216 INFO  [Log] Firefox driver initalized 
2014-10-12 16:46:24,838 INFO  [Log] HTML Summary Report Created 
2014-10-12 16:47:03,198 INFO  [Log] Firefox driver initalized 
2014-10-12 16:47:05,022 INFO  [Log] HTML Summary Report Created 
2014-10-12 16:48:24,738 INFO  [Log] Firefox driver initalized 
2014-10-12 16:48:26,326 INFO  [Log] HTML Summary Report Created 
2014-10-12 16:50:03,872 INFO  [Log] Firefox driver initalized 
2014-10-12 16:50:08,119 INFO  [Log] HTML Summary Report Created 
2014-10-12 16:52:12,890 INFO  [Log] Firefox driver initalized 
2014-10-12 16:52:14,035 INFO  [Log] HTML Summary Report Created 
2014-10-12 16:53:10,690 INFO  [Log] Firefox driver initalized 
2014-10-12 16:53:11,949 INFO  [Log] HTML Summary Report Created 
2014-10-12 16:54:40,007 INFO  [Log] Firefox driver initalized 
2014-10-12 16:54:43,957 INFO  [Log] HTML Summary Report Created 
2014-10-12 16:55:58,768 INFO  [Log] Firefox driver initalized 
2014-10-12 16:56:00,114 INFO  [Log] HTML Summary Report Created 
2014-10-12 16:57:13,809 INFO  [Log] Firefox driver initalized 
2014-10-12 16:57:14,979 INFO  [Log] HTML Summary Report Created 
2014-10-12 16:58:03,034 INFO  [Log] Firefox driver initalized 
2014-10-12 16:58:38,439 INFO  [Log] HTML Summary Report Created 
2014-10-12 17:04:58,559 INFO  [Log] Firefox driver initalized 
2014-10-12 17:05:00,002 INFO  [Log] HTML Summary Report Created 
2014-10-12 17:06:22,004 INFO  [Log] Firefox driver initalized 
2014-10-12 17:06:23,323 INFO  [Log] HTML Summary Report Created 
2014-10-12 17:07:06,373 INFO  [Log] Firefox driver initalized 
2014-10-12 17:07:07,978 INFO  [Log] HTML Summary Report Created 
2014-10-12 17:08:53,716 INFO  [Log] Firefox driver initalized 
2014-10-12 17:08:54,873 INFO  [Log] HTML Summary Report Created 
2014-10-12 17:10:54,933 INFO  [Log] Firefox driver initalized 
2014-10-12 17:10:59,246 INFO  [Log] HTML Summary Report Created 
2014-10-12 17:14:25,124 INFO  [Log] Firefox driver initalized 
2014-10-12 17:14:29,068 INFO  [Log] HTML Summary Report Created 
2014-10-12 17:17:32,812 INFO  [Log] Firefox driver initalized 
2014-10-12 17:17:36,631 INFO  [Log] HTML Summary Report Created 
2014-10-12 17:18:26,816 INFO  [Log] Firefox driver initalized 
2014-10-12 17:18:31,006 INFO  [Log] HTML Summary Report Created 
2014-10-12 17:22:25,409 INFO  [Log] Firefox driver initalized 
2014-10-12 17:22:29,937 INFO  [Log] HTML Summary Report Created 
2014-10-12 17:24:24,996 INFO  [Log] Firefox driver initalized 
2014-10-12 17:24:26,135 INFO  [Log] HTML Summary Report Created 
2014-10-12 18:11:49,785 INFO  [Log] Firefox driver initalized 
2014-10-12 18:11:54,256 INFO  [Log] HTML Summary Report Created 
2014-10-12 18:25:24,600 INFO  [Log] Firefox driver initalized 
2014-10-12 18:25:30,111 INFO  [Log] HTML Summary Report Created 
2014-10-12 18:40:01,189 INFO  [Log] Firefox driver initalized 
2014-10-12 18:40:03,011 INFO  [Log] HTML Summary Report Created 
2014-10-12 18:56:21,347 INFO  [Log] Firefox driver initalized 
2014-10-12 18:56:22,407 INFO  [Log] HTML Summary Report Created 
2014-10-12 19:02:35,129 INFO  [Log] Firefox driver initalized 
2014-10-12 19:02:37,171 INFO  [Log] HTML Summary Report Created 
2014-10-12 19:21:59,933 INFO  [Log] Firefox driver initalized 
2014-10-12 19:22:01,732 INFO  [Log] HTML Summary Report Created 
2014-10-12 19:28:30,152 INFO  [Log] Firefox driver initalized 
2014-10-12 19:28:31,787 INFO  [Log] HTML Summary Report Created 
2014-10-12 19:32:59,505 INFO  [Log] Firefox driver initalized 
2014-10-12 19:33:01,750 INFO  [Log] HTML Summary Report Created 
2014-10-12 19:38:18,197 INFO  [Log] Firefox driver initalized 
2014-10-12 19:38:19,860 INFO  [Log] HTML Summary Report Created 
2014-10-12 20:13:53,568 INFO  [Log] Firefox driver initalized 
2014-10-12 20:13:54,864 INFO  [Log] HTML Summary Report Created 
2014-10-12 20:14:18,874 INFO  [Log] Firefox driver initalized 
2014-10-12 20:14:24,788 INFO  [Log] HTML Summary Report Created 
2014-10-12 20:47:59,548 INFO  [Log] Firefox driver initalized 
2014-10-12 20:48:07,075 INFO  [Log] HTML Summary Report Created 
2014-10-12 20:52:46,490 INFO  [Log] Firefox driver initalized 
2014-10-12 20:52:47,880 INFO  [Log] HTML Summary Report Created 
2014-10-12 21:02:53,337 INFO  [Log] Firefox driver initalized 
2014-10-12 21:02:54,969 INFO  [Log] HTML Summary Report Created 
2014-10-12 21:25:10,252 INFO  [Log] Firefox driver initalized 
2014-10-12 21:25:11,619 INFO  [Log] HTML Summary Report Created 
2014-10-12 21:27:49,983 INFO  [Log] Firefox driver initalized 
2014-10-12 21:27:51,190 INFO  [Log] HTML Summary Report Created 
2014-10-12 21:32:12,849 INFO  [Log] Firefox driver initalized 
2014-10-12 21:32:14,514 INFO  [Log] HTML Summary Report Created 
2014-10-12 21:33:20,084 INFO  [Log] Firefox driver initalized 
2014-10-12 21:33:21,390 INFO  [Log] HTML Summary Report Created 
2014-10-12 21:43:19,040 INFO  [Log] Firefox driver initalized 
2014-10-12 21:43:20,658 INFO  [Log] HTML Summary Report Created 
2014-10-12 21:44:52,659 INFO  [Log] Firefox driver initalized 
2014-10-12 21:44:54,216 INFO  [Log] HTML Summary Report Created 
2014-10-12 21:46:27,847 INFO  [Log] Firefox driver initalized 
2014-10-12 21:46:29,400 INFO  [Log] HTML Summary Report Created 
2014-10-12 21:47:35,393 INFO  [Log] Firefox driver initalized 
2014-10-12 21:47:36,612 INFO  [Log] HTML Summary Report Created 
2014-10-12 21:48:29,097 INFO  [Log] Firefox driver initalized 
2014-10-12 21:48:30,778 INFO  [Log] HTML Summary Report Created 
2014-10-12 21:49:46,310 INFO  [Log] Firefox driver initalized 
2014-10-12 21:49:47,812 INFO  [Log] HTML Summary Report Created 
2014-10-12 21:50:57,367 INFO  [Log] Firefox driver initalized 
2014-10-12 21:51:02,225 INFO  [Log] HTML Summary Report Created 
2014-10-12 21:52:50,553 INFO  [Log] Firefox driver initalized 
2014-10-12 21:52:54,515 INFO  [Log] HTML Summary Report Created 
2014-10-12 22:21:34,462 INFO  [Log] Firefox driver initalized 
2014-10-12 22:21:35,730 INFO  [Log] HTML Summary Report Created 
2014-10-12 22:22:31,497 INFO  [Log] Firefox driver initalized 
2014-10-12 22:22:34,359 INFO  [Log] HTML Summary Report Created 
2014-10-12 22:25:38,342 INFO  [Log] Firefox driver initalized 
2014-10-12 22:25:44,020 INFO  [Log] HTML Summary Report Created 
2014-10-12 22:26:16,276 INFO  [Log] Firefox driver initalized 
2014-10-12 22:26:18,015 INFO  [Log] HTML Summary Report Created 
2014-10-12 22:27:16,436 INFO  [Log] Firefox driver initalized 
2014-10-12 23:15:53,302 INFO  [Log] Firefox driver initalized 
2014-10-12 23:15:55,688 INFO  [Log] HTML Summary Report Created 
2014-10-12 23:31:24,317 INFO  [Log] Firefox driver initalized 
2014-10-12 23:31:29,623 ERROR [Log] The given selector //span[@id=='nomatch'] is either invalid or does not result in a WebElement. The following error occurred:
InvalidSelectorError: Unable to locate an element with the xpath expression //span[@id=='nomatch'] because of the following error:
SyntaxError: The expression is not a legal expression.
Command duration or timeout: 27 milliseconds
For documentation on this error, please visit: http://seleniumhq.org/exceptions/invalid_selector_exception.html
Build info: version: '2.43.1', revision: '5163bceef1bc36d43f3dc0b83c88998168a363a0', time: '2014-09-10 09:43:55'
System info: host: 'sree-PC', ip: '192.168.56.1', os.name: 'Windows 7', os.arch: 'amd64', os.version: '6.1', java.version: '1.7.0_09'
Session ID: 7a7e2ea5-c9f4-4eb6-9111-6d85acb313ee
Driver info: org.openqa.selenium.firefox.FirefoxDriver
Capabilities [{platform=WINDOWS, databaseEnabled=true, cssSelectorsEnabled=true, javascriptEnabled=true, acceptSslCerts=true, handlesAlerts=true, browserName=firefox, webStorageEnabled=true, nativeEvents=true, rotatable=false, locationContextEnabled=true, applicationCacheEnabled=true, takesScreenshot=true, version=32.0.3}] 
2014-10-12 23:31:29,624 ERROR [Log] The given selector //span[@id=='nomatch'] is either invalid or does not result in a WebElement. The following error occurred:
InvalidSelectorError: Unable to locate an element with the xpath expression //span[@id=='nomatch'] because of the following error:
SyntaxError: The expression is not a legal expression.
Command duration or timeout: 27 milliseconds
For documentation on this error, please visit: http://seleniumhq.org/exceptions/invalid_selector_exception.html
Build info: version: '2.43.1', revision: '5163bceef1bc36d43f3dc0b83c88998168a363a0', time: '2014-09-10 09:43:55'
System info: host: 'sree-PC', ip: '192.168.56.1', os.name: 'Windows 7', os.arch: 'amd64', os.version: '6.1', java.version: '1.7.0_09'
Session ID: 7a7e2ea5-c9f4-4eb6-9111-6d85acb313ee
Driver info: org.openqa.selenium.firefox.FirefoxDriver
Capabilities [{platform=WINDOWS, databaseEnabled=true, cssSelectorsEnabled=true, javascriptEnabled=true, acceptSslCerts=true, handlesAlerts=true, browserName=firefox, webStorageEnabled=true, nativeEvents=true, rotatable=false, locationContextEnabled=true, applicationCacheEnabled=true, takesScreenshot=true, version=32.0.3}] 
2014-10-12 23:31:30,931 INFO  [Log] HTML Summary Report Created 
2014-10-12 23:32:37,840 INFO  [Log] Firefox driver initalized 
2014-10-12 23:32:44,286 ERROR [Log] The given selector //span[@id=='nomatch'] is either invalid or does not result in a WebElement. The following error occurred:
InvalidSelectorError: Unable to locate an element with the xpath expression //span[@id=='nomatch'] because of the following error:
SyntaxError: The expression is not a legal expression.
Command duration or timeout: 33 milliseconds
For documentation on this error, please visit: http://seleniumhq.org/exceptions/invalid_selector_exception.html
Build info: version: '2.43.1', revision: '5163bceef1bc36d43f3dc0b83c88998168a363a0', time: '2014-09-10 09:43:55'
System info: host: 'sree-PC', ip: '192.168.56.1', os.name: 'Windows 7', os.arch: 'amd64', os.version: '6.1', java.version: '1.7.0_09'
Session ID: fec40186-669d-43cc-851a-8e17471c7a2e
Driver info: org.openqa.selenium.firefox.FirefoxDriver
Capabilities [{platform=WINDOWS, databaseEnabled=true, cssSelectorsEnabled=true, javascriptEnabled=true, acceptSslCerts=true, handlesAlerts=true, browserName=firefox, webStorageEnabled=true, nativeEvents=true, rotatable=false, locationContextEnabled=true, applicationCacheEnabled=true, takesScreenshot=true, version=32.0.3}] 
2014-10-12 23:32:44,288 ERROR [Log] The given selector //span[@id=='nomatch'] is either invalid or does not result in a WebElement. The following error occurred:
InvalidSelectorError: Unable to locate an element with the xpath expression //span[@id=='nomatch'] because of the following error:
SyntaxError: The expression is not a legal expression.
Command duration or timeout: 33 milliseconds
For documentation on this error, please visit: http://seleniumhq.org/exceptions/invalid_selector_exception.html
Build info: version: '2.43.1', revision: '5163bceef1bc36d43f3dc0b83c88998168a363a0', time: '2014-09-10 09:43:55'
System info: host: 'sree-PC', ip: '192.168.56.1', os.name: 'Windows 7', os.arch: 'amd64', os.version: '6.1', java.version: '1.7.0_09'
Session ID: fec40186-669d-43cc-851a-8e17471c7a2e
Driver info: org.openqa.selenium.firefox.FirefoxDriver
Capabilities [{platform=WINDOWS, databaseEnabled=true, cssSelectorsEnabled=true, javascriptEnabled=true, acceptSslCerts=true, handlesAlerts=true, browserName=firefox, webStorageEnabled=true, nativeEvents=true, rotatable=false, locationContextEnabled=true, applicationCacheEnabled=true, takesScreenshot=true, version=32.0.3}] 
2014-10-12 23:32:44,572 ERROR [Log] expected [Application Provides Previous Day Temperatures] but found [Weather Services] 
2014-10-12 23:32:45,895 INFO  [Log] HTML Summary Report Created 
2014-10-12 23:45:26,451 INFO  [Log] Firefox driver initalized 
2014-10-12 23:45:34,789 ERROR [Log] No alert is present (WARNING: The server did not provide any stacktrace information)
Command duration or timeout: 2.56 seconds
Build info: version: '2.43.1', revision: '5163bceef1bc36d43f3dc0b83c88998168a363a0', time: '2014-09-10 09:43:55'
System info: host: 'sree-PC', ip: '192.168.56.1', os.name: 'Windows 7', os.arch: 'amd64', os.version: '6.1', java.version: '1.7.0_09'
Session ID: 461ce132-fb7a-42af-bf7c-d65b64766c06
Driver info: org.openqa.selenium.firefox.FirefoxDriver
Capabilities [{platform=WINDOWS, databaseEnabled=true, cssSelectorsEnabled=true, javascriptEnabled=true, acceptSslCerts=true, handlesAlerts=true, browserName=firefox, webStorageEnabled=true, nativeEvents=true, rotatable=false, locationContextEnabled=true, applicationCacheEnabled=true, takesScreenshot=true, version=32.0.3}] 
2014-10-12 23:45:35,010 ERROR [Log] The parameter is incorrect 
2014-10-12 23:45:35,903 ERROR [Log] The given selector //span[@id=='nomatch'] is either invalid or does not result in a WebElement. The following error occurred:
InvalidSelectorError: Unable to locate an element with the xpath expression //span[@id=='nomatch'] because of the following error:
SyntaxError: The expression is not a legal expression.
Command duration or timeout: 28 milliseconds
For documentation on this error, please visit: http://seleniumhq.org/exceptions/invalid_selector_exception.html
Build info: version: '2.43.1', revision: '5163bceef1bc36d43f3dc0b83c88998168a363a0', time: '2014-09-10 09:43:55'
System info: host: 'sree-PC', ip: '192.168.56.1', os.name: 'Windows 7', os.arch: 'amd64', os.version: '6.1', java.version: '1.7.0_09'
Session ID: 461ce132-fb7a-42af-bf7c-d65b64766c06
Driver info: org.openqa.selenium.firefox.FirefoxDriver
Capabilities [{platform=WINDOWS, databaseEnabled=true, cssSelectorsEnabled=true, javascriptEnabled=true, acceptSslCerts=true, handlesAlerts=true, browserName=firefox, webStorageEnabled=true, nativeEvents=true, rotatable=false, locationContextEnabled=true, applicationCacheEnabled=true, takesScreenshot=true, version=32.0.3}] 
2014-10-12 23:45:35,904 ERROR [Log] The given selector //span[@id=='nomatch'] is either invalid or does not result in a WebElement. The following error occurred:
InvalidSelectorError: Unable to locate an element with the xpath expression //span[@id=='nomatch'] because of the following error:
SyntaxError: The expression is not a legal expression.
Command duration or timeout: 28 milliseconds
For documentation on this error, please visit: http://seleniumhq.org/exceptions/invalid_selector_exception.html
Build info: version: '2.43.1', revision: '5163bceef1bc36d43f3dc0b83c88998168a363a0', time: '2014-09-10 09:43:55'
System info: host: 'sree-PC', ip: '192.168.56.1', os.name: 'Windows 7', os.arch: 'amd64', os.version: '6.1', java.version: '1.7.0_09'
Session ID: 461ce132-fb7a-42af-bf7c-d65b64766c06
Driver info: org.openqa.selenium.firefox.FirefoxDriver
Capabilities [{platform=WINDOWS, databaseEnabled=true, cssSelectorsEnabled=true, javascriptEnabled=true, acceptSslCerts=true, handlesAlerts=true, browserName=firefox, webStorageEnabled=true, nativeEvents=true, rotatable=false, locationContextEnabled=true, applicationCacheEnabled=true, takesScreenshot=true, version=32.0.3}] 
2014-10-12 23:45:36,216 ERROR [Log] expected [Application Provides Previous Day Temperatures] but found [Weather Services] 
2014-10-12 23:45:37,804 INFO  [Log] HTML Summary Report Created 
2014-10-12 23:48:21,030 INFO  [Log] Firefox driver initalized 
2014-10-12 23:48:29,207 ERROR [Log] No alert is present (WARNING: The server did not provide any stacktrace information)
Command duration or timeout: 2.64 seconds
Build info: version: '2.43.1', revision: '5163bceef1bc36d43f3dc0b83c88998168a363a0', time: '2014-09-10 09:43:55'
System info: host: 'sree-PC', ip: '192.168.56.1', os.name: 'Windows 7', os.arch: 'amd64', os.version: '6.1', java.version: '1.7.0_09'
Session ID: f79f4d5f-b820-4e09-b780-fed2c9780915
Driver info: org.openqa.selenium.firefox.FirefoxDriver
Capabilities [{platform=WINDOWS, databaseEnabled=true, cssSelectorsEnabled=true, javascriptEnabled=true, acceptSslCerts=true, handlesAlerts=true, browserName=firefox, webStorageEnabled=true, nativeEvents=true, rotatable=false, locationContextEnabled=true, applicationCacheEnabled=true, takesScreenshot=true, version=32.0.3}] 
2014-10-12 23:48:29,436 ERROR [Log] The parameter is incorrect 
2014-10-12 23:48:30,822 ERROR [Log] The given selector //span[@id=='nomatch'] is either invalid or does not result in a WebElement. The following error occurred:
InvalidSelectorError: Unable to locate an element with the xpath expression //span[@id=='nomatch'] because of the following error:
SyntaxError: The expression is not a legal expression.
Command duration or timeout: 552 milliseconds
For documentation on this error, please visit: http://seleniumhq.org/exceptions/invalid_selector_exception.html
Build info: version: '2.43.1', revision: '5163bceef1bc36d43f3dc0b83c88998168a363a0', time: '2014-09-10 09:43:55'
System info: host: 'sree-PC', ip: '192.168.56.1', os.name: 'Windows 7', os.arch: 'amd64', os.version: '6.1', java.version: '1.7.0_09'
Session ID: f79f4d5f-b820-4e09-b780-fed2c9780915
Driver info: org.openqa.selenium.firefox.FirefoxDriver
Capabilities [{platform=WINDOWS, databaseEnabled=true, cssSelectorsEnabled=true, javascriptEnabled=true, acceptSslCerts=true, handlesAlerts=true, browserName=firefox, webStorageEnabled=true, nativeEvents=true, rotatable=false, locationContextEnabled=true, applicationCacheEnabled=true, takesScreenshot=true, version=32.0.3}] 
2014-10-12 23:48:30,824 ERROR [Log] The given selector //span[@id=='nomatch'] is either invalid or does not result in a WebElement. The following error occurred:
InvalidSelectorError: Unable to locate an element with the xpath expression //span[@id=='nomatch'] because of the following error:
SyntaxError: The expression is not a legal expression.
Command duration or timeout: 552 milliseconds
For documentation on this error, please visit: http://seleniumhq.org/exceptions/invalid_selector_exception.html
Build info: version: '2.43.1', revision: '5163bceef1bc36d43f3dc0b83c88998168a363a0', time: '2014-09-10 09:43:55'
System info: host: 'sree-PC', ip: '192.168.56.1', os.name: 'Windows 7', os.arch: 'amd64', os.version: '6.1', java.version: '1.7.0_09'
Session ID: f79f4d5f-b820-4e09-b780-fed2c9780915
Driver info: org.openqa.selenium.firefox.FirefoxDriver
Capabilities [{platform=WINDOWS, databaseEnabled=true, cssSelectorsEnabled=true, javascriptEnabled=true, acceptSslCerts=true, handlesAlerts=true, browserName=firefox, webStorageEnabled=true, nativeEvents=true, rotatable=false, locationContextEnabled=true, applicationCacheEnabled=true, takesScreenshot=true, version=32.0.3}] 
2014-10-12 23:48:31,111 ERROR [Log] expected [Application Provides Previous Day Temperatures] but found [Weather Services] 
2014-10-12 23:48:32,525 INFO  [Log] HTML Summary Report Created 
2014-10-12 23:50:23,897 INFO  [Log] Firefox driver initalized 
2014-10-12 23:50:42,022 ERROR [Log] The given selector //span[@id=='nomatch'] is either invalid or does not result in a WebElement. The following error occurred:
InvalidSelectorError: Unable to locate an element with the xpath expression //span[@id=='nomatch'] because of the following error:
SyntaxError: The expression is not a legal expression.
Command duration or timeout: 623 milliseconds
For documentation on this error, please visit: http://seleniumhq.org/exceptions/invalid_selector_exception.html
Build info: version: '2.43.1', revision: '5163bceef1bc36d43f3dc0b83c88998168a363a0', time: '2014-09-10 09:43:55'
System info: host: 'sree-PC', ip: '192.168.56.1', os.name: 'Windows 7', os.arch: 'amd64', os.version: '6.1', java.version: '1.7.0_09'
Session ID: 7c8b7d17-9c35-42c8-bb0e-c4f0aa4466b2
Driver info: org.openqa.selenium.firefox.FirefoxDriver
Capabilities [{platform=WINDOWS, databaseEnabled=true, cssSelectorsEnabled=true, javascriptEnabled=true, acceptSslCerts=true, handlesAlerts=true, browserName=firefox, webStorageEnabled=true, nativeEvents=true, rotatable=false, locationContextEnabled=true, applicationCacheEnabled=true, takesScreenshot=true, version=32.0.3}] 
2014-10-12 23:50:42,023 ERROR [Log] The given selector //span[@id=='nomatch'] is either invalid or does not result in a WebElement. The following error occurred:
InvalidSelectorError: Unable to locate an element with the xpath expression //span[@id=='nomatch'] because of the following error:
SyntaxError: The expression is not a legal expression.
Command duration or timeout: 623 milliseconds
For documentation on this error, please visit: http://seleniumhq.org/exceptions/invalid_selector_exception.html
Build info: version: '2.43.1', revision: '5163bceef1bc36d43f3dc0b83c88998168a363a0', time: '2014-09-10 09:43:55'
System info: host: 'sree-PC', ip: '192.168.56.1', os.name: 'Windows 7', os.arch: 'amd64', os.version: '6.1', java.version: '1.7.0_09'
Session ID: 7c8b7d17-9c35-42c8-bb0e-c4f0aa4466b2
Driver info: org.openqa.selenium.firefox.FirefoxDriver
Capabilities [{platform=WINDOWS, databaseEnabled=true, cssSelectorsEnabled=true, javascriptEnabled=true, acceptSslCerts=true, handlesAlerts=true, browserName=firefox, webStorageEnabled=true, nativeEvents=true, rotatable=false, locationContextEnabled=true, applicationCacheEnabled=true, takesScreenshot=true, version=32.0.3}] 
2014-10-12 23:51:37,767 ERROR [Log] The given selector //span[@id=='nomatch'] is either invalid or does not result in a WebElement. The following error occurred:
InvalidSelectorError: Unable to locate an element with the xpath expression //span[@id=='nomatch'] because of the following error:
SyntaxError: The expression is not a legal expression.
Command duration or timeout: 87 milliseconds
For documentation on this error, please visit: http://seleniumhq.org/exceptions/invalid_selector_exception.html
Build info: version: '2.43.1', revision: '5163bceef1bc36d43f3dc0b83c88998168a363a0', time: '2014-09-10 09:43:55'
System info: host: 'sree-PC', ip: '192.168.56.1', os.name: 'Windows 7', os.arch: 'amd64', os.version: '6.1', java.version: '1.7.0_09'
Session ID: 7c8b7d17-9c35-42c8-bb0e-c4f0aa4466b2
Driver info: org.openqa.selenium.firefox.FirefoxDriver
Capabilities [{platform=WINDOWS, databaseEnabled=true, cssSelectorsEnabled=true, javascriptEnabled=true, acceptSslCerts=true, handlesAlerts=true, browserName=firefox, webStorageEnabled=true, nativeEvents=true, rotatable=false, locationContextEnabled=true, applicationCacheEnabled=true, takesScreenshot=true, version=32.0.3}] 
2014-10-12 23:51:37,768 ERROR [Log] The given selector //span[@id=='nomatch'] is either invalid or does not result in a WebElement. The following error occurred:
InvalidSelectorError: Unable to locate an element with the xpath expression //span[@id=='nomatch'] because of the following error:
SyntaxError: The expression is not a legal expression.
Command duration or timeout: 87 milliseconds
For documentation on this error, please visit: http://seleniumhq.org/exceptions/invalid_selector_exception.html
Build info: version: '2.43.1', revision: '5163bceef1bc36d43f3dc0b83c88998168a363a0', time: '2014-09-10 09:43:55'
System info: host: 'sree-PC', ip: '192.168.56.1', os.name: 'Windows 7', os.arch: 'amd64', os.version: '6.1', java.version: '1.7.0_09'
Session ID: 7c8b7d17-9c35-42c8-bb0e-c4f0aa4466b2
Driver info: org.openqa.selenium.firefox.FirefoxDriver
Capabilities [{platform=WINDOWS, databaseEnabled=true, cssSelectorsEnabled=true, javascriptEnabled=true, acceptSslCerts=true, handlesAlerts=true, browserName=firefox, webStorageEnabled=true, nativeEvents=true, rotatable=false, locationContextEnabled=true, applicationCacheEnabled=true, takesScreenshot=true, version=32.0.3}] 
2014-10-12 23:52:21,069 ERROR [Log] expected [Application Provides Previous Day Temperatures] but found [Weather Services] 
2014-10-12 23:53:02,732 INFO  [Log] HTML Summary Report Created 
2014-10-12 23:56:15,679 INFO  [Log] Firefox driver initalized 
2014-10-12 23:58:41,700 INFO  [Log] Firefox driver initalized 
2014-10-12 23:58:49,257 INFO  [Log] HTML Summary Report Created 
2014-10-13 00:05:28,050 INFO  [Log] Firefox driver initalized 
2014-10-13 00:05:29,462 INFO  [Log] HTML Summary Report Created 
2014-10-13 00:08:58,137 INFO  [Log] Firefox driver initalized 
2014-10-13 00:08:58,969 INFO  [Log] HTML Summary Report Created 
2014-10-13 00:13:49,324 INFO  [Log] Firefox driver initalized 
2014-10-13 00:13:56,284 INFO  [Log] HTML Summary Report Created 
2014-10-13 00:29:46,780 INFO  [Log] Firefox driver initalized 
2014-10-13 00:29:53,258 INFO  [Log] HTML Summary Report Created 
2014-10-13 07:44:49,009 INFO  [Log] Firefox driver initalized 
2014-10-13 07:44:56,496 INFO  [Log] HTML Summary Report Created 
2014-10-13 08:56:18,363 INFO  [Log] Firefox driver initalized 
2014-10-13 08:56:26,715 INFO  [Log] HTML Summary Report Created 
2014-10-13 08:57:06,193 INFO  [Log] Firefox driver initalized 
2014-10-13 08:57:13,418 INFO  [Log] HTML Summary Report Created 
2014-10-13 09:25:41,010 INFO  [Log] Firefox driver initalized 
2014-10-13 09:25:45,335 INFO  [Log] HTML Summary Report Created 
2014-10-13 09:43:57,984 INFO  [Log] Firefox driver initalized 
2014-10-13 09:44:06,590 INFO  [Log] HTML Summary Report Created 
2014-10-13 09:45:36,364 INFO  [Log] Firefox driver initalized 
2014-10-13 09:45:57,670 ERROR [Log] Unable to locate element: {"method":"xpath","selector":"//input[@name='ip']"}
Command duration or timeout: 20.11 seconds
For documentation on this error, please visit: http://seleniumhq.org/exceptions/no_such_element.html
Build info: version: '2.43.1', revision: '5163bceef1bc36d43f3dc0b83c88998168a363a0', time: '2014-09-10 09:43:55'
System info: host: 'sree-PC', ip: '192.168.56.1', os.name: 'Windows 7', os.arch: 'amd64', os.version: '6.1', java.version: '1.7.0_09'
Session ID: 0ebfafd9-ecf3-446e-b969-daf9f282dbc8
Driver info: org.openqa.selenium.firefox.FirefoxDriver
Capabilities [{platform=WINDOWS, databaseEnabled=true, cssSelectorsEnabled=true, javascriptEnabled=true, acceptSslCerts=true, handlesAlerts=true, browserName=firefox, webStorageEnabled=true, nativeEvents=true, rotatable=false, locationContextEnabled=true, applicationCacheEnabled=true, takesScreenshot=true, version=32.0.3}] 
2014-10-13 09:45:58,153 ERROR [Log] Destination 'Results\Firefox\Firefox_2014-10-13_09_45_25_602\Unable_to_locate_element__{"method"_"xpath","selector"_"\input[@name='ip']"}
Command_duration_or_timeout__20.11_seconds
For_documentation_on_this_error,_please_visit__http_\seleniumhq.org\exceptions' directory cannot be created 
2014-10-13 09:46:18,388 ERROR [Log] Unable to locate element: {"method":"xpath","selector":"//input[@name='ip']"}
Command duration or timeout: 20.09 seconds
For documentation on this error, please visit: http://seleniumhq.org/exceptions/no_such_element.html
Build info: version: '2.43.1', revision: '5163bceef1bc36d43f3dc0b83c88998168a363a0', time: '2014-09-10 09:43:55'
System info: host: 'sree-PC', ip: '192.168.56.1', os.name: 'Windows 7', os.arch: 'amd64', os.version: '6.1', java.version: '1.7.0_09'
Session ID: 0ebfafd9-ecf3-446e-b969-daf9f282dbc8
Driver info: org.openqa.selenium.firefox.FirefoxDriver
Capabilities [{platform=WINDOWS, databaseEnabled=true, cssSelectorsEnabled=true, javascriptEnabled=true, acceptSslCerts=true, handlesAlerts=true, browserName=firefox, webStorageEnabled=true, nativeEvents=true, rotatable=false, locationContextEnabled=true, applicationCacheEnabled=true, takesScreenshot=true, version=32.0.3}] 
2014-10-13 09:46:18,695 ERROR [Log] Destination 'Results\Firefox\Firefox_2014-10-13_09_45_25_602\Unable_to_locate_element__{"method"_"xpath","selector"_"\input[@name='ip']"}
Command_duration_or_timeout__20.09_seconds
For_documentation_on_this_error,_please_visit__http_\seleniumhq.org\exceptions' directory cannot be created 
2014-10-13 09:46:38,878 ERROR [Log] Unable to locate element: {"method":"xpath","selector":"//input[@name='ip']"}
Command duration or timeout: 20.15 seconds
For documentation on this error, please visit: http://seleniumhq.org/exceptions/no_such_element.html
Build info: version: '2.43.1', revision: '5163bceef1bc36d43f3dc0b83c88998168a363a0', time: '2014-09-10 09:43:55'
System info: host: 'sree-PC', ip: '192.168.56.1', os.name: 'Windows 7', os.arch: 'amd64', os.version: '6.1', java.version: '1.7.0_09'
Session ID: 0ebfafd9-ecf3-446e-b969-daf9f282dbc8
Driver info: org.openqa.selenium.firefox.FirefoxDriver
Capabilities [{platform=WINDOWS, databaseEnabled=true, cssSelectorsEnabled=true, javascriptEnabled=true, acceptSslCerts=true, handlesAlerts=true, browserName=firefox, webStorageEnabled=true, nativeEvents=true, rotatable=false, locationContextEnabled=true, applicationCacheEnabled=true, takesScreenshot=true, version=32.0.3}] 
2014-10-13 09:46:39,324 ERROR [Log] Destination 'Results\Firefox\Firefox_2014-10-13_09_45_25_602\Unable_to_locate_element__{"method"_"xpath","selector"_"\input[@name='ip']"}
Command_duration_or_timeout__20.15_seconds
For_documentation_on_this_error,_please_visit__http_\seleniumhq.org\exceptions' directory cannot be created 
2014-10-13 09:46:59,465 ERROR [Log] Unable to locate element: {"method":"xpath","selector":"//input[@name='ip']"}
Command duration or timeout: 20.10 seconds
For documentation on this error, please visit: http://seleniumhq.org/exceptions/no_such_element.html
Build info: version: '2.43.1', revision: '5163bceef1bc36d43f3dc0b83c88998168a363a0', time: '2014-09-10 09:43:55'
System info: host: 'sree-PC', ip: '192.168.56.1', os.name: 'Windows 7', os.arch: 'amd64', os.version: '6.1', java.version: '1.7.0_09'
Session ID: 0ebfafd9-ecf3-446e-b969-daf9f282dbc8
Driver info: org.openqa.selenium.firefox.FirefoxDriver
Capabilities [{platform=WINDOWS, databaseEnabled=true, cssSelectorsEnabled=true, javascriptEnabled=true, acceptSslCerts=true, handlesAlerts=true, browserName=firefox, webStorageEnabled=true, nativeEvents=true, rotatable=false, locationContextEnabled=true, applicationCacheEnabled=true, takesScreenshot=true, version=32.0.3}] 
2014-10-13 09:46:59,764 ERROR [Log] Destination 'Results\Firefox\Firefox_2014-10-13_09_45_25_602\Unable_to_locate_element__{"method"_"xpath","selector"_"\input[@name='ip']"}
Command_duration_or_timeout__20.10_seconds
For_documentation_on_this_error,_please_visit__http_\seleniumhq.org\exceptions' directory cannot be created 
2014-10-13 09:47:19,853 ERROR [Log] Unable to locate element: {"method":"xpath","selector":"//input[@name='ip']"}
Command duration or timeout: 20.05 seconds
For documentation on this error, please visit: http://seleniumhq.org/exceptions/no_such_element.html
Build info: version: '2.43.1', revision: '5163bceef1bc36d43f3dc0b83c88998168a363a0', time: '2014-09-10 09:43:55'
System info: host: 'sree-PC', ip: '192.168.56.1', os.name: 'Windows 7', os.arch: 'amd64', os.version: '6.1', java.version: '1.7.0_09'
Session ID: 0ebfafd9-ecf3-446e-b969-daf9f282dbc8
Driver info: org.openqa.selenium.firefox.FirefoxDriver
Capabilities [{platform=WINDOWS, databaseEnabled=true, cssSelectorsEnabled=true, javascriptEnabled=true, acceptSslCerts=true, handlesAlerts=true, browserName=firefox, webStorageEnabled=true, nativeEvents=true, rotatable=false, locationContextEnabled=true, applicationCacheEnabled=true, takesScreenshot=true, version=32.0.3}] 
2014-10-13 09:47:20,106 ERROR [Log] Destination 'Results\Firefox\Firefox_2014-10-13_09_45_25_602\Unable_to_locate_element__{"method"_"xpath","selector"_"\input[@name='ip']"}
Command_duration_or_timeout__20.05_seconds
For_documentation_on_this_error,_please_visit__http_\seleniumhq.org\exceptions' directory cannot be created 
2014-10-13 09:47:22,143 INFO  [Log] HTML Summary Report Created 
2015-01-10 22:11:06,936 INFO  [Log] Firefox driver initalized 
2015-01-10 22:12:55,759 INFO  [Log] Firefox driver initalized 
2015-01-10 22:13:18,373 ERROR [Log] Unable to locate element: {"method":"xpath","selector":"//input[@name='ip']"}
Command duration or timeout: 20.04 seconds
For documentation on this error, please visit: http://seleniumhq.org/exceptions/no_such_element.html
Build info: version: '2.43.1', revision: '5163bceef1bc36d43f3dc0b83c88998168a363a0', time: '2014-09-10 09:43:55'
System info: host: 'sree-PC', ip: '192.168.56.1', os.name: 'Windows 7', os.arch: 'amd64', os.version: '6.1', java.version: '1.7.0_09'
Session ID: 46bae833-a17b-40e3-8156-6b583529b13e
Driver info: org.openqa.selenium.firefox.FirefoxDriver
Capabilities [{platform=WINDOWS, databaseEnabled=true, cssSelectorsEnabled=true, javascriptEnabled=true, acceptSslCerts=true, handlesAlerts=true, browserName=firefox, webStorageEnabled=true, nativeEvents=false, rotatable=false, locationContextEnabled=true, applicationCacheEnabled=true, takesScreenshot=true, version=34.0.5}] 
2015-01-10 22:13:18,680 ERROR [Log] Destination 'Results\Firefox\Firefox_2015-01-10_22_12_44_476\Unable_to_locate_element__{"method"_"xpath","selector"_"\input[@name='ip']"}
Command_duration_or_timeout__20.04_seconds
For_documentation_on_this_error,_please_visit__http_\seleniumhq.org\exceptions' directory cannot be created 
2015-01-10 22:13:39,275 ERROR [Log] Unable to locate element: {"method":"xpath","selector":"//input[@name='ip']"}
Command duration or timeout: 20.09 seconds
For documentation on this error, please visit: http://seleniumhq.org/exceptions/no_such_element.html
Build info: version: '2.43.1', revision: '5163bceef1bc36d43f3dc0b83c88998168a363a0', time: '2014-09-10 09:43:55'
System info: host: 'sree-PC', ip: '192.168.56.1', os.name: 'Windows 7', os.arch: 'amd64', os.version: '6.1', java.version: '1.7.0_09'
Session ID: 46bae833-a17b-40e3-8156-6b583529b13e
Driver info: org.openqa.selenium.firefox.FirefoxDriver
Capabilities [{platform=WINDOWS, databaseEnabled=true, cssSelectorsEnabled=true, javascriptEnabled=true, acceptSslCerts=true, handlesAlerts=true, browserName=firefox, webStorageEnabled=true, nativeEvents=false, rotatable=false, locationContextEnabled=true, applicationCacheEnabled=true, takesScreenshot=true, version=34.0.5}] 
2015-01-10 22:13:39,443 ERROR [Log] Destination 'Results\Firefox\Firefox_2015-01-10_22_12_44_476\Unable_to_locate_element__{"method"_"xpath","selector"_"\input[@name='ip']"}
Command_duration_or_timeout__20.09_seconds
For_documentation_on_this_error,_please_visit__http_\seleniumhq.org\exceptions' directory cannot be created 
2015-01-10 22:14:12,050 INFO  [Log] Firefox driver initalized 
2015-01-10 22:14:34,351 ERROR [Log] Unable to locate element: {"method":"xpath","selector":"//input[@name='ip']"}
Command duration or timeout: 20.03 seconds
For documentation on this error, please visit: http://seleniumhq.org/exceptions/no_such_element.html
Build info: version: '2.43.1', revision: '5163bceef1bc36d43f3dc0b83c88998168a363a0', time: '2014-09-10 09:43:55'
System info: host: 'sree-PC', ip: '192.168.56.1', os.name: 'Windows 7', os.arch: 'amd64', os.version: '6.1', java.version: '1.7.0_09'
Session ID: eb93c30a-b0af-4140-9124-d70fd6e854af
Driver info: org.openqa.selenium.firefox.FirefoxDriver
Capabilities [{platform=WINDOWS, databaseEnabled=true, cssSelectorsEnabled=true, javascriptEnabled=true, acceptSslCerts=true, handlesAlerts=true, browserName=firefox, webStorageEnabled=true, nativeEvents=false, rotatable=false, locationContextEnabled=true, applicationCacheEnabled=true, takesScreenshot=true, version=34.0.5}] 
2015-01-10 22:14:34,650 ERROR [Log] Destination 'Results\Firefox\Firefox_2015-01-10_22_14_00_642\Unable_to_locate_element__{"method"_"xpath","selector"_"\input[@name='ip']"}
Command_duration_or_timeout__20.03_seconds
For_documentation_on_this_error,_please_visit__http_\seleniumhq.org\exceptions' directory cannot be created 
2015-01-10 22:14:54,798 ERROR [Log] Unable to locate element: {"method":"xpath","selector":"//input[@name='ip']"}
Command duration or timeout: 20.06 seconds
For documentation on this error, please visit: http://seleniumhq.org/exceptions/no_such_element.html
Build info: version: '2.43.1', revision: '5163bceef1bc36d43f3dc0b83c88998168a363a0', time: '2014-09-10 09:43:55'
System info: host: 'sree-PC', ip: '192.168.56.1', os.name: 'Windows 7', os.arch: 'amd64', os.version: '6.1', java.version: '1.7.0_09'
Session ID: eb93c30a-b0af-4140-9124-d70fd6e854af
Driver info: org.openqa.selenium.firefox.FirefoxDriver
Capabilities [{platform=WINDOWS, databaseEnabled=true, cssSelectorsEnabled=true, javascriptEnabled=true, acceptSslCerts=true, handlesAlerts=true, browserName=firefox, webStorageEnabled=true, nativeEvents=false, rotatable=false, locationContextEnabled=true, applicationCacheEnabled=true, takesScreenshot=true, version=34.0.5}] 
2015-01-10 22:14:55,037 ERROR [Log] Destination 'Results\Firefox\Firefox_2015-01-10_22_14_00_642\Unable_to_locate_element__{"method"_"xpath","selector"_"\input[@name='ip']"}
Command_duration_or_timeout__20.06_seconds
For_documentation_on_this_error,_please_visit__http_\seleniumhq.org\exceptions' directory cannot be created 
2015-01-10 22:15:15,182 ERROR [Log] Unable to locate element: {"method":"xpath","selector":"//input[@name='ip']"}
Command duration or timeout: 20.12 seconds
For documentation on this error, please visit: http://seleniumhq.org/exceptions/no_such_element.html
Build info: version: '2.43.1', revision: '5163bceef1bc36d43f3dc0b83c88998168a363a0', time: '2014-09-10 09:43:55'
System info: host: 'sree-PC', ip: '192.168.56.1', os.name: 'Windows 7', os.arch: 'amd64', os.version: '6.1', java.version: '1.7.0_09'
Session ID: eb93c30a-b0af-4140-9124-d70fd6e854af
Driver info: org.openqa.selenium.firefox.FirefoxDriver
Capabilities [{platform=WINDOWS, databaseEnabled=true, cssSelectorsEnabled=true, javascriptEnabled=true, acceptSslCerts=true, handlesAlerts=true, browserName=firefox, webStorageEnabled=true, nativeEvents=false, rotatable=false, locationContextEnabled=true, applicationCacheEnabled=true, takesScreenshot=true, version=34.0.5}] 
2015-01-10 22:15:15,395 ERROR [Log] Destination 'Results\Firefox\Firefox_2015-01-10_22_14_00_642\Unable_to_locate_element__{"method"_"xpath","selector"_"\input[@name='ip']"}
Command_duration_or_timeout__20.12_seconds
For_documentation_on_this_error,_please_visit__http_\seleniumhq.org\exceptions' directory cannot be created 
2015-01-10 22:15:35,502 ERROR [Log] Unable to locate element: {"method":"xpath","selector":"//input[@name='ip']"}
Command duration or timeout: 20.05 seconds
For documentation on this error, please visit: http://seleniumhq.org/exceptions/no_such_element.html
Build info: version: '2.43.1', revision: '5163bceef1bc36d43f3dc0b83c88998168a363a0', time: '2014-09-10 09:43:55'
System info: host: 'sree-PC', ip: '192.168.56.1', os.name: 'Windows 7', os.arch: 'amd64', os.version: '6.1', java.version: '1.7.0_09'
Session ID: eb93c30a-b0af-4140-9124-d70fd6e854af
Driver info: org.openqa.selenium.firefox.FirefoxDriver
Capabilities [{platform=WINDOWS, databaseEnabled=true, cssSelectorsEnabled=true, javascriptEnabled=true, acceptSslCerts=true, handlesAlerts=true, browserName=firefox, webStorageEnabled=true, nativeEvents=false, rotatable=false, locationContextEnabled=true, applicationCacheEnabled=true, takesScreenshot=true, version=34.0.5}] 
2015-01-10 22:15:35,779 ERROR [Log] Destination 'Results\Firefox\Firefox_2015-01-10_22_14_00_642\Unable_to_locate_element__{"method"_"xpath","selector"_"\input[@name='ip']"}
Command_duration_or_timeout__20.05_seconds
For_documentation_on_this_error,_please_visit__http_\seleniumhq.org\exceptions' directory cannot be created 
2015-01-10 22:15:55,844 ERROR [Log] Unable to locate element: {"method":"xpath","selector":"//input[@name='ip']"}
Command duration or timeout: 20.05 seconds
For documentation on this error, please visit: http://seleniumhq.org/exceptions/no_such_element.html
Build info: version: '2.43.1', revision: '5163bceef1bc36d43f3dc0b83c88998168a363a0', time: '2014-09-10 09:43:55'
System info: host: 'sree-PC', ip: '192.168.56.1', os.name: 'Windows 7', os.arch: 'amd64', os.version: '6.1', java.version: '1.7.0_09'
Session ID: eb93c30a-b0af-4140-9124-d70fd6e854af
Driver info: org.openqa.selenium.firefox.FirefoxDriver
Capabilities [{platform=WINDOWS, databaseEnabled=true, cssSelectorsEnabled=true, javascriptEnabled=true, acceptSslCerts=true, handlesAlerts=true, browserName=firefox, webStorageEnabled=true, nativeEvents=false, rotatable=false, locationContextEnabled=true, applicationCacheEnabled=true, takesScreenshot=true, version=34.0.5}] 
2015-01-10 22:15:56,042 ERROR [Log] Destination 'Results\Firefox\Firefox_2015-01-10_22_14_00_642\Unable_to_locate_element__{"method"_"xpath","selector"_"\input[@name='ip']"}
Command_duration_or_timeout__20.05_seconds
For_documentation_on_this_error,_please_visit__http_\seleniumhq.org\exceptions' directory cannot be created 
2015-01-10 22:15:58,455 INFO  [Log] HTML Summary Report Created 
2015-01-10 22:25:11,023 INFO  [Log] Firefox driver initalized 
2015-01-10 22:43:52,484 ERROR [Log] Unable to locate element: {"method":"xpath","selector":"//input[@name='ip']"}
Command duration or timeout: 20.09 seconds
For documentation on this error, please visit: http://seleniumhq.org/exceptions/no_such_element.html
Build info: version: '2.43.1', revision: '5163bceef1bc36d43f3dc0b83c88998168a363a0', time: '2014-09-10 09:43:55'
System info: host: 'sree-PC', ip: '192.168.56.1', os.name: 'Windows 7', os.arch: 'amd64', os.version: '6.1', java.version: '1.7.0_09'
Session ID: 672602c6-e44f-45ec-ae11-bd840c4e413b
Driver info: org.openqa.selenium.firefox.FirefoxDriver
Capabilities [{platform=WINDOWS, databaseEnabled=true, cssSelectorsEnabled=true, javascriptEnabled=true, acceptSslCerts=true, handlesAlerts=true, browserName=firefox, webStorageEnabled=true, nativeEvents=false, rotatable=false, locationContextEnabled=true, applicationCacheEnabled=true, takesScreenshot=true, version=34.0.5}] 
2015-01-10 22:55:43,949 ERROR [Log] Destination 'Results\Firefox\Firefox_2015-01-10_22_24_47_372\Unable_to_locate_element__{"method"_"xpath","selector"_"\input[@name='ip']"}
Command_duration_or_timeout__20.09_seconds
For_documentation_on_this_error,_please_visit__http_\seleniumhq.org\exceptions' directory cannot be created 
2015-01-10 23:54:47,965 INFO  [Log] Firefox driver initalized 
2015-01-10 23:55:03,234 INFO  [Log] HTML Summary Report Created 
2015-01-11 10:57:41,620 INFO  [Log] Firefox driver initalized 
2015-01-11 10:57:52,987 INFO  [Log] HTML Summary Report Created 
2015-01-11 11:04:46,089 INFO  [Log] Firefox driver initalized 
2015-01-11 11:04:47,592 INFO  [Log] HTML Summary Report Created 
2015-01-11 11:07:20,090 INFO  [Log] Firefox driver initalized 
2015-01-11 11:07:21,197 INFO  [Log] HTML Summary Report Created 
2015-01-11 11:11:45,275 INFO  [Log] Firefox driver initalized 
2015-01-11 11:11:48,095 INFO  [Log] HTML Summary Report Created 
2015-01-11 11:13:58,326 INFO  [Log] Firefox driver initalized 
2015-01-11 11:14:02,286 INFO  [Log] HTML Summary Report Created 
2015-01-11 11:25:31,758 INFO  [Log] Firefox driver initalized 
2015-01-11 11:25:36,543 INFO  [Log] HTML Summary Report Created 
2015-01-11 11:29:59,605 INFO  [Log] Firefox driver initalized 
2015-01-11 11:30:08,604 INFO  [Log] HTML Summary Report Created 
2015-01-11 11:30:52,022 INFO  [Log] Firefox driver initalized 
2015-01-11 11:30:56,698 INFO  [Log] HTML Summary Report Created 
